生成启动时间为 2016/3/9 22:25:53。
     1>项目“C:\Users\Administrator\Desktop\大三下课程\高级软件工程\廖素萍四则运算\廖素萍四则运算\廖素萍四则运算.vcxproj”在节点 2 上(build 个目标)。
     1>InitializeBuildStatus:
         正在创建“Debug\廖素萍四则运算.unsuccessfulbuild”，因为已指定“AlwaysCreate”。
       ClCompile:
         所有输出均为最新。
         C:\Program Files (x86)\Microsoft Visual Studio 10.0\VC\bin\CL.exe /c /ZI /nologo /W3 /WX- /Od /Oy- /D WIN32 /D _DEBUG /D _CONSOLE /D _UNICODE /D UNICODE /Gm /EHsc /RTC1 /MDd /GS /fp:precise /Zc:wchar_t /Zc:forScope /Yu"StdAfx.h" /Fp"Debug\廖素萍四则运算.pch" /Fo"Debug\\" /Fd"Debug\vc100.pdb" /Gd /TP /analyze- /errorReport:prompt "廖素萍四则运算.cpp"
         廖素萍四则运算.cpp
     1>c:\users\administrator\desktop\大三下课程\高级软件工程\廖素萍四则运算\廖素萍四则运算\廖素萍四则运算.cpp(9): warning C4273: “srand”: dll 链接不一致
                 c:\program files (x86)\microsoft visual studio 10.0\vc\include\stdlib.h(511) : 参见“srand”的前一个定义
     1>c:\users\administrator\desktop\大三下课程\高级软件工程\廖素萍四则运算\廖素萍四则运算\廖素萍四则运算.cpp(62): warning C4996: 'scanf': This function or variable may be unsafe. Consider using scanf_s instead. To disable deprecation, use _CRT_SECURE_NO_WARNINGS. See online help for details.
                 c:\program files (x86)\microsoft visual studio 10.0\vc\include\stdio.h(304) : 参见“scanf”的声明
       ManifestResourceCompile:
         所有输出均为最新。
       Link:
         C:\Program Files (x86)\Microsoft Visual Studio 10.0\VC\bin\link.exe /ERRORREPORT:PROMPT /OUT:"C:\Users\Administrator\Desktop\大三下课程\高级软件工程\廖素萍四则运算\Debug\廖素萍四则运算.exe" /INCREMENTAL /NOLOGO kernel32.lib user32.lib gdi32.lib winspool.lib comdlg32.lib advapi32.lib shell32.lib ole32.lib oleaut32.lib uuid.lib odbc32.lib odbccp32.lib /MANIFEST /ManifestFile:"Debug\廖素萍四则运算.exe.intermediate.manifest" /MANIFESTUAC:"level='asInvoker' uiAccess='false'" /DEBUG /PDB:"C:\Users\Administrator\Desktop\大三下课程\高级软件工程\廖素萍四则运算\Debug\廖素萍四则运算.pdb" /SUBSYSTEM:CONSOLE /TLBID:1 /DYNAMICBASE /NXCOMPAT /IMPLIB:"C:\Users\Administrator\Desktop\大三下课程\高级软件工程\廖素萍四则运算\Debug\廖素萍四则运算.lib" /MACHINE:X86 "Debug\廖素萍四则运算.exe.embed.manifest.res"
         Debug\stdafx.obj
         "Debug\廖素萍四则运算.obj"
       Manifest:
         C:\Program Files (x86)\Microsoft SDKs\Windows\v7.0A\bin\mt.exe /nologo /verbose /out:"Debug\廖素萍四则运算.exe.embed.manifest" /manifest "Debug\廖素萍四则运算.exe.intermediate.manifest"
         所有输出均为最新。
       LinkEmbedManifest:
         所有输出均为最新。
         廖素萍四则运算.vcxproj -> C:\Users\Administrator\Desktop\大三下课程\高级软件工程\廖素萍四则运算\Debug\廖素萍四则运算.exe
       FinalizeBuildStatus:
         正在删除文件“Debug\廖素萍四则运算.unsuccessfulbuild”。
         正在对“Debug\廖素萍四则运算.lastbuildstate”执行 Touch 任务。
     1>已完成生成项目“C:\Users\Administrator\Desktop\大三下课程\高级软件工程\廖素萍四则运算\廖素萍四则运算\廖素萍四则运算.vcxproj”(build 个目标)的操作。

生成成功。

已用时间 00:00:01.41
